<?xml version="1.0" encoding="UTF-8"?>
<testng-results ignored="0" total="11" passed="10" failed="1" skipped="0">
  <reporter-output>
  </reporter-output>
  <suite started-at="2024-02-05T13:56:02 IST" name="Default suite" finished-at="2024-02-05T13:57:10 IST" duration-ms="67791">
    <groups>
      <group name="cucumber">
        <method signature="AbstractTestNGCucumberTests.runScenario(io.cucumber.testng.PickleWrapper,io.cucumber.testng.FeatureWrapper)[pri:0, instance:cucumber.options.TestRunner@34e9fd99]" name="runScenario" class="io.cucumber.testng.AbstractTestNGCucumberTests"/>
      </group> <!-- cucumber -->
    </groups>
    <test started-at="2024-02-05T13:56:02 IST" name="Default test" finished-at="2024-02-05T13:57:10 IST" duration-ms="67791">
      <class name="cucumber.options.TestRunner">
        <test-method is-config="true" signature="setUpClass(org.testng.ITestContext)[pri:0, instance:cucumber.options.TestRunner@34e9fd99]" started-at="2024-02-05T13:56:02 IST" name="setUpClass" finished-at="2024-02-05T13:56:03 IST" duration-ms="468" status="PASS">
          <params>
            <param index="0">
              <value>
                <![CDATA[org.testng.TestRunner@2726a511]]>
              </value>
            </param>
          </params>
          <reporter-output>
          </reporter-output>
        </test-method> <!-- setUpClass -->
        <test-method signature="runScenario(io.cucumber.testng.PickleWrapper,io.cucumber.testng.FeatureWrapper)[pri:0, instance:cucumber.options.TestRunner@34e9fd99]" started-at="2024-02-05T13:56:03 IST" name="runScenario" description="Runs Cucumber Scenarios" data-provider="scenarios" finished-at="2024-02-05T13:56:18 IST" duration-ms="15141" status="FAIL">
          <params>
            <param index="0">
              <value>
                <![CDATA["checkout functionality with valid details"]]>
              </value>
            </param>
            <param index="1">
              <value>
                <![CDATA["verify checkout functionality"]]>
              </value>
            </param>
          </params>
          <exception class="java.lang.AssertionError">
            <message>
              <![CDATA[expected [THANK YOU FOR YOUR ORDE] but found [THANK YOU FOR YOUR ORDER]]]>
            </message>
            <full-stacktrace>
              <![CDATA[java.lang.AssertionError: expected [THANK YOU FOR YOUR ORDE] but found [THANK YOU FOR YOUR ORDER]
at org.testng.Assert.fail(Assert.java:111)
at org.testng.Assert.failNotEquals(Assert.java:1578)
at org.testng.Assert.assertEqualsImpl(Assert.java:150)
at org.testng.Assert.assertEquals(Assert.java:132)
at org.testng.Assert.assertEquals(Assert.java:656)
at org.testng.Assert.assertEquals(Assert.java:666)
at helper.BaseClass.validateText(BaseClass.java:126)
at page.CheckOutPage.validatetext(CheckOutPage.java:33)
at stepDefination.CheckoutStep.validate_text(CheckoutStep.java:27)
at ✽.validate checkout text(file:///D:/java%20eclipse/com.sharkNinja/src/test/java/features/CheckOut.feature:14)
]]>
            </full-stacktrace>
          </exception> <!-- java.lang.AssertionError -->
          <reporter-output>
          </reporter-output>
        </test-method> <!-- runScenario -->
        <test-method signature="runScenario(io.cucumber.testng.PickleWrapper,io.cucumber.testng.FeatureWrapper)[pri:0, instance:cucumber.options.TestRunner@34e9fd99]" started-at="2024-02-05T13:56:18 IST" name="runScenario" description="Runs Cucumber Scenarios" data-provider="scenarios" finished-at="2024-02-05T13:56:25 IST" duration-ms="7397" status="PASS">
          <params>
            <param index="0">
              <value>
                <![CDATA["checkout functionality by giving only fisrtname and lastname"]]>
              </value>
            </param>
            <param index="1">
              <value>
                <![CDATA["verify checkout functionality"]]>
              </value>
            </param>
          </params>
          <reporter-output>
          </reporter-output>
        </test-method> <!-- runScenario -->
        <test-method signature="runScenario(io.cucumber.testng.PickleWrapper,io.cucumber.testng.FeatureWrapper)[pri:0, instance:cucumber.options.TestRunner@34e9fd99]" started-at="2024-02-05T13:56:25 IST" name="runScenario" description="Runs Cucumber Scenarios" data-provider="scenarios" finished-at="2024-02-05T13:56:33 IST" duration-ms="7362" status="PASS">
          <params>
            <param index="0">
              <value>
                <![CDATA["checkout functionality by giving only fisrtname and zipcode"]]>
              </value>
            </param>
            <param index="1">
              <value>
                <![CDATA["verify checkout functionality"]]>
              </value>
            </param>
          </params>
          <reporter-output>
          </reporter-output>
        </test-method> <!-- runScenario -->
        <test-method signature="runScenario(io.cucumber.testng.PickleWrapper,io.cucumber.testng.FeatureWrapper)[pri:0, instance:cucumber.options.TestRunner@34e9fd99]" started-at="2024-02-05T13:56:33 IST" name="runScenario" description="Runs Cucumber Scenarios" data-provider="scenarios" finished-at="2024-02-05T13:56:40 IST" duration-ms="7901" status="PASS">
          <params>
            <param index="0">
              <value>
                <![CDATA["checkout functionality by giving only fisrtname and zipcode"]]>
              </value>
            </param>
            <param index="1">
              <value>
                <![CDATA["verify checkout functionality"]]>
              </value>
            </param>
          </params>
          <reporter-output>
          </reporter-output>
        </test-method> <!-- runScenario -->
        <test-method signature="runScenario(io.cucumber.testng.PickleWrapper,io.cucumber.testng.FeatureWrapper)[pri:0, instance:cucumber.options.TestRunner@34e9fd99]" started-at="2024-02-05T13:56:40 IST" name="runScenario" description="Runs Cucumber Scenarios" data-provider="scenarios" finished-at="2024-02-05T13:56:48 IST" duration-ms="7730" status="PASS">
          <params>
            <param index="0">
              <value>
                <![CDATA["checkout functionality by giving only fisrtname and zipcode"]]>
              </value>
            </param>
            <param index="1">
              <value>
                <![CDATA["verify checkout functionality"]]>
              </value>
            </param>
          </params>
          <reporter-output>
          </reporter-output>
        </test-method> <!-- runScenario -->
        <test-method signature="runScenario(io.cucumber.testng.PickleWrapper,io.cucumber.testng.FeatureWrapper)[pri:0, instance:cucumber.options.TestRunner@34e9fd99]" started-at="2024-02-05T13:56:48 IST" name="runScenario" description="Runs Cucumber Scenarios" data-provider="scenarios" finished-at="2024-02-05T13:56:52 IST" duration-ms="3437" status="PASS">
          <params>
            <param index="0">
              <value>
                <![CDATA["validate count after adding one item on cart"]]>
              </value>
            </param>
            <param index="1">
              <value>
                <![CDATA["Add to cart functionality"]]>
              </value>
            </param>
          </params>
          <reporter-output>
          </reporter-output>
        </test-method> <!-- runScenario -->
        <test-method signature="runScenario(io.cucumber.testng.PickleWrapper,io.cucumber.testng.FeatureWrapper)[pri:0, instance:cucumber.options.TestRunner@34e9fd99]" started-at="2024-02-05T13:56:52 IST" name="runScenario" description="Runs Cucumber Scenarios" data-provider="scenarios" finished-at="2024-02-05T13:56:54 IST" duration-ms="2825" status="PASS">
          <params>
            <param index="0">
              <value>
                <![CDATA["validate count after adding two item on cart"]]>
              </value>
            </param>
            <param index="1">
              <value>
                <![CDATA["Add to cart functionality"]]>
              </value>
            </param>
          </params>
          <reporter-output>
          </reporter-output>
        </test-method> <!-- runScenario -->
        <test-method signature="runScenario(io.cucumber.testng.PickleWrapper,io.cucumber.testng.FeatureWrapper)[pri:0, instance:cucumber.options.TestRunner@34e9fd99]" started-at="2024-02-05T13:56:54 IST" name="runScenario" description="Runs Cucumber Scenarios" data-provider="scenarios" finished-at="2024-02-05T13:57:01 IST" duration-ms="6237" status="PASS">
          <params>
            <param index="0">
              <value>
                <![CDATA["add product on cart"]]>
              </value>
            </param>
            <param index="1">
              <value>
                <![CDATA["Add to cart functionality"]]>
              </value>
            </param>
          </params>
          <reporter-output>
          </reporter-output>
        </test-method> <!-- runScenario -->
        <test-method signature="runScenario(io.cucumber.testng.PickleWrapper,io.cucumber.testng.FeatureWrapper)[pri:0, instance:cucumber.options.TestRunner@34e9fd99]" started-at="2024-02-05T13:57:01 IST" name="runScenario" description="Runs Cucumber Scenarios" data-provider="scenarios" finished-at="2024-02-05T13:57:04 IST" duration-ms="2920" status="PASS">
          <params>
            <param index="0">
              <value>
                <![CDATA["validate size of list in filter"]]>
              </value>
            </param>
            <param index="1">
              <value>
                <![CDATA["Add to cart functionality"]]>
              </value>
            </param>
          </params>
          <reporter-output>
          </reporter-output>
        </test-method> <!-- runScenario -->
        <test-method signature="runScenario(io.cucumber.testng.PickleWrapper,io.cucumber.testng.FeatureWrapper)[pri:0, instance:cucumber.options.TestRunner@34e9fd99]" started-at="2024-02-05T13:57:04 IST" name="runScenario" description="Runs Cucumber Scenarios" data-provider="scenarios" finished-at="2024-02-05T13:57:06 IST" duration-ms="2751" status="PASS">
          <params>
            <param index="0">
              <value>
                <![CDATA["validate text in filter options"]]>
              </value>
            </param>
            <param index="1">
              <value>
                <![CDATA["Add to cart functionality"]]>
              </value>
            </param>
          </params>
          <reporter-output>
          </reporter-output>
        </test-method> <!-- runScenario -->
        <test-method signature="runScenario(io.cucumber.testng.PickleWrapper,io.cucumber.testng.FeatureWrapper)[pri:0, instance:cucumber.options.TestRunner@34e9fd99]" started-at="2024-02-05T13:57:06 IST" name="runScenario" description="Runs Cucumber Scenarios" data-provider="scenarios" finished-at="2024-02-05T13:57:09 IST" duration-ms="3088" status="PASS">
          <params>
            <param index="0">
              <value>
                <![CDATA["Verify remove button functionality"]]>
              </value>
            </param>
            <param index="1">
              <value>
                <![CDATA["Your Cart functionality"]]>
              </value>
            </param>
          </params>
          <reporter-output>
          </reporter-output>
        </test-method> <!-- runScenario -->
        <test-method is-config="true" signature="tearDownClass()[pri:0, instance:cucumber.options.TestRunner@34e9fd99]" started-at="2024-02-05T13:57:09 IST" name="tearDownClass" finished-at="2024-02-05T13:57:10 IST" duration-ms="428" status="PASS">
          <reporter-output>
          </reporter-output>
        </test-method> <!-- tearDownClass -->
      </class> <!-- cucumber.options.TestRunner -->
    </test> <!-- Default test -->
  </suite> <!-- Default suite -->
</testng-results>
