<?xml version="1.0" encoding="UTF-8"?>
<testng-results ignored="0" total="1" passed="0" failed="1" skipped="0">
  <reporter-output>
  </reporter-output>
  <suite started-at="2024-06-13T20:48:17 IST" name="Default suite" finished-at="2024-06-13T20:48:42 IST" duration-ms="24662">
    <groups>
      <group name="cucumber">
        <method signature="AbstractTestNGCucumberTests.runScenario(io.cucumber.testng.PickleWrapper,io.cucumber.testng.FeatureWrapper)[pri:0, instance:cucumber.options.TestRunner@6d4d66d2]" name="runScenario" class="io.cucumber.testng.AbstractTestNGCucumberTests"/>
      </group> <!-- cucumber -->
    </groups>
    <test started-at="2024-06-13T20:48:17 IST" name="Default test" finished-at="2024-06-13T20:48:42 IST" duration-ms="24662">
      <class name="cucumber.options.TestRunner">
        <test-method is-config="true" signature="setUpClass(org.testng.ITestContext)[pri:0, instance:cucumber.options.TestRunner@6d4d66d2]" started-at="2024-06-13T20:48:17 IST" name="setUpClass" finished-at="2024-06-13T20:48:18 IST" duration-ms="688" status="PASS">
          <params>
            <param index="0">
              <value>
                <![CDATA[org.testng.TestRunner@934b52f]]>
              </value>
            </param>
          </params>
          <reporter-output>
          </reporter-output>
        </test-method> <!-- setUpClass -->
        <test-method signature="runScenario(io.cucumber.testng.PickleWrapper,io.cucumber.testng.FeatureWrapper)[pri:0, instance:cucumber.options.TestRunner@6d4d66d2]" started-at="2024-06-13T20:48:18 IST" name="runScenario" description="Runs Cucumber Scenarios" data-provider="scenarios" finished-at="2024-06-13T20:48:41 IST" duration-ms="23040" status="FAIL">
          <params>
            <param index="0">
              <value>
                <![CDATA["checkout functionality with valid details"]]>
              </value>
            </param>
            <param index="1">
              <value>
                <![CDATA["verify checkout functionality"]]>
              </value>
            </param>
          </params>
          <exception class="java.lang.NullPointerException">
            <message>
              <![CDATA[Cannot invoke "org.apache.logging.log4j.Logger.info(String)" because "this.log" is null]]>
            </message>
            <full-stacktrace>
              <![CDATA[java.lang.NullPointerException: Cannot invoke "org.apache.logging.log4j.Logger.info(String)" because "this.log" is null
at page.CheckOutPage.enterfirstname_last_name_and_zipcode(CheckOutPage.java:13)
at stepDefination.CheckoutStep.enter_first_name_last_name_and_zipcode(CheckoutStep.java:12)
at ✽.enter first name "Laxman" last name "Singh" and zipcode "262553"(file:///D:/java%20eclipse/com.sharkNinja/./src/test/java/features/CheckOut.feature:11)
]]>
            </full-stacktrace>
          </exception> <!-- java.lang.NullPointerException -->
          <reporter-output>
          </reporter-output>
        </test-method> <!-- runScenario -->
        <test-method is-config="true" signature="tearDownClass()[pri:0, instance:cucumber.options.TestRunner@6d4d66d2]" started-at="2024-06-13T20:48:41 IST" name="tearDownClass" finished-at="2024-06-13T20:48:42 IST" duration-ms="875" status="PASS">
          <reporter-output>
          </reporter-output>
        </test-method> <!-- tearDownClass -->
      </class> <!-- cucumber.options.TestRunner -->
    </test> <!-- Default test -->
  </suite> <!-- Default suite -->
</testng-results>
