<?xml version="1.0" encoding="UTF-8"?>
<!-- Generated by org.testng.reporters.JUnitReportReporter -->
<testsuite hostname="LAXMAN" failures="1" tests="11" name="cucumber.options.TestRunner" time="47.871" errors="0" timestamp="2024-02-05T12:27:19 IST" skipped="0">
  <testcase classname="cucumber.options.TestRunner" name="runScenario" time="5.693"/>
  <testcase classname="cucumber.options.TestRunner" name="runScenario" time="5.823"/>
  <testcase classname="cucumber.options.TestRunner" name="runScenario" time="2.114"/>
  <testcase classname="cucumber.options.TestRunner" name="runScenario" time="5.861"/>
  <testcase classname="cucumber.options.TestRunner" name="runScenario" time="7.345">
    <failure message="expected [THANK YOU FOR YOUR ORDE] but found [THANK YOU FOR YOUR ORDER]" type="java.lang.AssertionError">
      <![CDATA[java.lang.AssertionError: expected [THANK YOU FOR YOUR ORDE] but found [THANK YOU FOR YOUR ORDER]
at org.testng.Assert.fail(Assert.java:111)
at org.testng.Assert.failNotEquals(Assert.java:1578)
at org.testng.Assert.assertEqualsImpl(Assert.java:150)
at org.testng.Assert.assertEquals(Assert.java:132)
at org.testng.Assert.assertEquals(Assert.java:656)
at org.testng.Assert.assertEquals(Assert.java:666)
at helper.BaseClass.validateText(BaseClass.java:126)
at page.CheckOutPage.validatetext(CheckOutPage.java:33)
at stepDefination.CheckoutStep.validate_text(CheckoutStep.java:27)
at ✽.validate checkout text(file:///D:/java%20eclipse/com.sharkNinja/src/test/java/features/CheckOut.feature:14)
]]>
    </failure>
  </testcase> <!-- runScenario -->
  <testcase classname="cucumber.options.TestRunner" name="runScenario" time="2.596"/>
  <testcase classname="cucumber.options.TestRunner" name="runScenario" time="2.159"/>
  <testcase classname="cucumber.options.TestRunner" name="runScenario" time="2.370"/>
  <testcase classname="cucumber.options.TestRunner" name="runScenario" time="2.343"/>
  <testcase classname="cucumber.options.TestRunner" name="runScenario" time="5.990"/>
  <testcase classname="cucumber.options.TestRunner" name="runScenario" time="5.577"/>
</testsuite> <!-- cucumber.options.TestRunner -->
